e:\doc\교육\songedu2023\debug\songedu.pch
e:\doc\교육\songedu2023\debug\vc140.pdb
e:\doc\교육\songedu2023\debug\vc140.idb
e:\doc\교육\songedu2023\debug\stdafx.obj
e:\doc\교육\songedu2023\debug\myclass.obj
e:\doc\교육\songedu2023\debug\mystring.obj
e:\doc\교육\songedu2023\debug\songedu.obj
e:\doc\교육\songedu2023\debug\songedudlg.obj
e:\doc\교육\songedu2023\debug\songedu.ilk
e:\doc\교육\songedu2023\debug\songedu.exe
e:\doc\교육\songedu2023\debug\songedu.pdb
e:\doc\교육\songedu2023\debug\songedu.res
e:\doc\교육\songedu2023\debug\songedu.tlog\cl.command.1.tlog
e:\doc\교육\songedu2023\debug\songedu.tlog\cl.read.1.tlog
e:\doc\교육\songedu2023\debug\songedu.tlog\cl.write.1.tlog
e:\doc\교육\songedu2023\debug\songedu.tlog\link.command.1.tlog
e:\doc\교육\songedu2023\debug\songedu.tlog\link.read.1.tlog
e:\doc\교육\songedu2023\debug\songedu.tlog\link.write.1.tlog
e:\doc\교육\songedu2023\debug\songedu.tlog\rc.command.1.tlog
e:\doc\교육\songedu2023\debug\songedu.tlog\rc.read.1.tlog
e:\doc\교육\songedu2023\debug\songedu.tlog\rc.write.1.tlog
